<?xml version="1.0" encoding="UTF-8"?>
<testsuite xmlns:xsi="http://www.w3.org/2001/XMLSchema-instance" xsi:noNamespaceSchemaLocation="https://maven.apache.org/surefire/maven-surefire-plugin/xsd/surefire-test-report-3.0.xsd" version="3.0" name="RunnerTest" time="1.674" tests="3" errors="0" skipped="0" failures="0">
  <properties>
[...]
</properties>
  <testcase name="Actualizar el título y precio de un libro existente" classname="Actualizar parcialmente un libro existente" time="1.289">
    <system-out><![CDATA[
Scenario: Actualizar el título y precio de un libro existente           &amp#27;[90m# src/test/resources/features/actualizar_libro.feature:3&amp#27;[0m
  &amp#27;[32mGiven &amp#27;[0m&amp#27;[32mel servicio de libros está disponible&amp#27;[0m                           &amp#27;[90m# steps.ApiSteps.el_servicio_de_libros_esta_disponible()&amp#27;[0m
  &amp#27;[32mAnd &amp#27;[0m&amp#27;[32mhe creado un libro con los siguientes datos:&amp#27;[0m                      &amp#27;[90m# steps.ApiSteps.he_creado_un_libro_con_los_siguientes_datos(java.lang.String)&amp#27;[0m
  &amp#27;[32mWhen &amp#27;[0m&amp#27;[32mhago una petición PATCH a &amp#27;[0m&amp#27;[32m&amp#27;[1m"/books/{id}"&amp#27;[0m&amp#27;[32m con el siguiente cuerpo:&amp#27;[0m &amp#27;[90m# steps.ApiSteps.hago_una_peticion_patch_con_el_siguiente_cuerpo(java.lang.String,java.lang.String)&amp#27;[0m
  &amp#27;[32mThen &amp#27;[0m&amp#27;[32mel código de respuesta debe ser &amp#27;[0m&amp#27;[32m&amp#27;[1m200&amp#27;[0m                              &amp#27;[90m# steps.ApiSteps.el_codigo_de_respuesta_debe_ser(java.lang.Integer)&amp#27;[0m
  &amp#27;[32mAnd &amp#27;[0m&amp#27;[32mla respuesta debe contener &amp#27;[0m&amp#27;[32m&amp#27;[1m"5000"&amp#27;[0m                                 &amp#27;[90m# steps.ApiSteps.la_respuesta_debe_contener(java.lang.String)&amp#27;[0m
]]></system-out>
  </testcase>
  <testcase name="Obtener la documentación del API" classname="Validar el endpoint de documentación OpenAPI" time="0.015">
    <system-out><![CDATA[
Scenario: Obtener la documentación del API    &amp#27;[90m# src/test/resources/features/api.feature:3&amp#27;[0m
  &amp#27;[32mGiven &amp#27;[0m&amp#27;[32mel servicio está disponible&amp#27;[0m           &amp#27;[90m# steps.ApiSteps.el_servicio_esta_disponible()&amp#27;[0m
  &amp#27;[32mWhen &amp#27;[0m&amp#27;[32mhago una petición GET a &amp#27;[0m&amp#27;[32m&amp#27;[1m"/v3/api-docs"&amp#27;[0m &amp#27;[90m# steps.ApiSteps.hago_una_peticion_get_a(java.lang.String)&amp#27;[0m
  &amp#27;[32mThen &amp#27;[0m&amp#27;[32mel código de respuesta debe ser &amp#27;[0m&amp#27;[32m&amp#27;[1m200&amp#27;[0m    &amp#27;[90m# steps.ApiSteps.el_codigo_de_respuesta_debe_ser(java.lang.Integer)&amp#27;[0m
  &amp#27;[32mAnd &amp#27;[0m&amp#27;[32mla respuesta debe contener &amp#27;[0m&amp#27;[32m&amp#27;[1m"openapi"&amp#27;[0m    &amp#27;[90m# steps.ApiSteps.la_respuesta_debe_contener(java.lang.String)&amp#27;[0m
]]></system-out>
  </testcase>
  <testcase name="Crear un libro exitosamente" classname="Crear un nuevo libro en el sistema" time="0.019">
    <system-out><![CDATA[
Scenario: Crear un libro exitosamente                             &amp#27;[90m# src/test/resources/features/crear_libro.feature:3&amp#27;[0m
  &amp#27;[32mGiven &amp#27;[0m&amp#27;[32mel servicio de libros está disponible&amp#27;[0m                     &amp#27;[90m# steps.ApiSteps.el_servicio_de_libros_esta_disponible()&amp#27;[0m
  &amp#27;[32mWhen &amp#27;[0m&amp#27;[32mhago una petición POST a &amp#27;[0m&amp#27;[32m&amp#27;[1m"/books"&amp#27;[0m&amp#27;[32m con el siguiente cuerpo:&amp#27;[0m &amp#27;[90m# steps.ApiSteps.hago_una_peticion_post_con_cuerpo(java.lang.String,java.lang.String)&amp#27;[0m
  &amp#27;[32mThen &amp#27;[0m&amp#27;[32mel código de respuesta debe ser &amp#27;[0m&amp#27;[32m&amp#27;[1m201&amp#27;[0m                        &amp#27;[90m# steps.ApiSteps.el_codigo_de_respuesta_debe_ser(java.lang.Integer)&amp#27;[0m
  &amp#27;[32mAnd &amp#27;[0m&amp#27;[32mla respuesta debe contener &amp#27;[0m&amp#27;[32m&amp#27;[1m"Cien años de soledad"&amp#27;[0m           &amp#27;[90m# steps.ApiSteps.la_respuesta_debe_contener(java.lang.String)&amp#27;[0m
]]></system-out>
  </testcase>
</testsuite>